# JRE version: OpenJDK Runtime Environment (8.0_242-b01) (build 1.8.0_242-release-1644-b01)
# Java VM: OpenJDK 64-Bit Server VM (25.242-b01 mixed mode windows-amd64 compressed oops)
Heap:
 PSYoungGen      total 109056K, used 45051K [0x00000000d5580000, 0x00000000dfe80000, 0x0000000100000000)
  eden space 74752K, 14% used [0x00000000d5580000,0x00000000d6003b58,0x00000000d9e80000)
  from space 34304K, 99% used [0x00000000d9e80000,0x00000000dbffb460,0x00000000dc000000)
  to   space 43008K, 0% used [0x00000000dd480000,0x00000000dd480000,0x00000000dfe80000)
 ParOldGen       total 125440K, used 60697K [0x0000000080000000, 0x0000000087a80000, 0x00000000d5580000)
  object space 125440K, 48% used [0x0000000080000000,0x0000000083b464b8,0x0000000087a80000)
 Metaspace       used 102374K, capacity 107106K, committed 107416K, reserved 1142784K
  class space    used 13432K, capacity 14355K, committed 14512K, reserved 1048576K
GC Heap History (10 events):
Event: 3419.012 GC heap before
{Heap before GC invocations=43 (full 4):
 PSYoungGen      total 96768K, used 20275K [0x00000000d5580000, 0x00000000dd900000, 0x0000000100000000)
  eden space 66560K, 0% used [0x00000000d5580000,0x00000000d5580000,0x00000000d9680000)
  from space 30208K, 67% used [0x00000000d9680000,0x00000000daa4ccd8,0x00000000db400000)
  to   space 30720K, 0% used [0x00000000dbb00000,0x00000000dbb00000,0x00000000dd900000)
 ParOldGen       total 89088K, used 56621K [0x0000000080000000, 0x0000000085700000, 0x00000000d5580000)
  object space 89088K, 63% used [0x0000000080000000,0x000000008374b620,0x0000000085700000)
 Metaspace       used 94349K, capacity 98510K, committed 98600K, reserved 1134592K
  class space    used 12321K, capacity 13191K, committed 13232K, reserved 1048576K
Event: 3427.325 GC heap after
Heap after GC invocations=43 (full 4):
 PSYoungGen      total 96768K, used 0K [0x00000000d5580000, 0x00000000dd900000, 0x0000000100000000)
  eden space 66560K, 0% used [0x00000000d5580000,0x00000000d5580000,0x00000000d9680000)
  from space 30208K, 0% used [0x00000000d9680000,0x00000000d9680000,0x00000000db400000)
  to   space 30720K, 0% used [0x00000000dbb00000,0x00000000dbb00000,0x00000000dd900000)
 ParOldGen       total 125440K, used 47237K [0x0000000080000000, 0x0000000087a80000, 0x00000000d5580000)
  object space 125440K, 37% used [0x0000000080000000,0x0000000082e21520,0x0000000087a80000)
 Metaspace       used 93609K, capacity 97138K, committed 98600K, reserved 1134592K
  class space    used 12167K, capacity 12913K, committed 13232K, reserved 1048576K
}
Event: 3434.226 GC heap before
{Heap before GC invocations=44 (full 4):
 PSYoungGen      total 96768K, used 66560K [0x00000000d5580000, 0x00000000dd900000, 0x0000000100000000)
  eden space 66560K, 100% used [0x00000000d5580000,0x00000000d9680000,0x00000000d9680000)
  from space 30208K, 0% used [0x00000000d9680000,0x00000000d9680000,0x00000000db400000)
  to   space 30720K, 0% used [0x00000000dbb00000,0x00000000dbb00000,0x00000000dd900000)
 ParOldGen       total 125440K, used 47237K [0x0000000080000000, 0x0000000087a80000, 0x00000000d5580000)
  object space 125440K, 37% used [0x0000000080000000,0x0000000082e21520,0x0000000087a80000)
 Metaspace       used 99239K, capacity 103524K, committed 104088K, reserved 1138688K
  class space    used 13055K, capacity 13942K, committed 14000K, reserved 1048576K
Event: 3434.284 GC heap after
Heap after GC invocations=44 (full 4):
 PSYoungGen      total 102912K, used 9639K [0x00000000d5580000, 0x00000000dd800000, 0x0000000100000000)
  eden space 73216K, 0% used [0x00000000d5580000,0x00000000d5580000,0x00000000d9d00000)
  from space 29696K, 32% used [0x00000000dbb00000,0x00000000dc469e10,0x00000000dd800000)
  to   space 30208K, 0% used [0x00000000d9d00000,0x00000000d9d00000,0x00000000dba80000)
 ParOldGen       total 125440K, used 47245K [0x0000000080000000, 0x0000000087a80000, 0x00000000d5580000)
  object space 125440K, 37% used [0x0000000080000000,0x0000000082e23520,0x0000000087a80000)
 Metaspace       used 99239K, capacity 103524K, committed 104088K, reserved 1138688K
  class space    used 13055K, capacity 13942K, committed 14000K, reserved 1048576K
}
Event: 3440.411 GC heap before
{Heap before GC invocations=45 (full 4):
 PSYoungGen      total 102912K, used 82831K [0x00000000d5580000, 0x00000000dd800000, 0x0000000100000000)
  eden space 73216K, 99% used [0x00000000d5580000,0x00000000d9cf9e30,0x00000000d9d00000)
  from space 29696K, 32% used [0x00000000dbb00000,0x00000000dc469e10,0x00000000dd800000)
  to   space 30208K, 0% used [0x00000000d9d00000,0x00000000d9d00000,0x00000000dba80000)
 ParOldGen       total 125440K, used 47245K [0x0000000080000000, 0x0000000087a80000, 0x00000000d5580000)
  object space 125440K, 37% used [0x0000000080000000,0x0000000082e23520,0x0000000087a80000)
 Metaspace       used 101207K, capacity 105902K, committed 106136K, reserved 1140736K
  class space    used 13273K, capacity 14189K, committed 14256K, reserved 1048576K
Event: 3440.470 GC heap after
Heap after GC invocations=45 (full 4):
 PSYoungGen      total 103424K, used 15837K [0x00000000d5580000, 0x00000000ddc80000, 0x0000000100000000)
  eden space 73216K, 0% used [0x00000000d5580000,0x00000000d5580000,0x00000000d9d00000)
  from space 30208K, 52% used [0x00000000d9d00000,0x00000000dac77550,0x00000000dba80000)
  to   space 29184K, 0% used [0x00000000dc000000,0x00000000dc000000,0x00000000ddc80000)
 ParOldGen       total 125440K, used 47253K [0x0000000080000000, 0x0000000087a80000, 0x00000000d5580000)
  object space 125440K, 37% used [0x0000000080000000,0x0000000082e25520,0x0000000087a80000)
 Metaspace       used 101207K, capacity 105902K, committed 106136K, reserved 1140736K
  class space    used 13273K, capacity 14189K, committed 14256K, reserved 1048576K
}
Event: 3445.120 GC heap before
{Heap before GC invocations=46 (full 4):
 PSYoungGen      total 103424K, used 89053K [0x00000000d5580000, 0x00000000ddc80000, 0x0000000100000000)
  eden space 73216K, 100% used [0x00000000d5580000,0x00000000d9d00000,0x00000000d9d00000)
  from space 30208K, 52% used [0x00000000d9d00000,0x00000000dac77550,0x00000000dba80000)
  to   space 29184K, 0% used [0x00000000dc000000,0x00000000dc000000,0x00000000ddc80000)
 ParOldGen       total 125440K, used 47253K [0x0000000080000000, 0x0000000087a80000, 0x00000000d5580000)
  object space 125440K, 37% used [0x0000000080000000,0x0000000082e25520,0x0000000087a80000)
 Metaspace       used 102190K, capacity 106904K, committed 107160K, reserved 1142784K
  class space    used 13430K, capacity 14354K, committed 14512K, reserved 1048576K
Event: 3445.636 GC heap after
Heap after GC invocations=46 (full 4):
 PSYoungGen      total 103936K, used 29179K [0x00000000d5580000, 0x00000000dea00000, 0x0000000100000000)
  eden space 74752K, 0% used [0x00000000d5580000,0x00000000d5580000,0x00000000d9e80000)
  from space 29184K, 99% used [0x00000000dc000000,0x00000000ddc7ef58,0x00000000ddc80000)
  to   space 34304K, 0% used [0x00000000d9e80000,0x00000000d9e80000,0x00000000dc000000)
 ParOldGen       total 125440K, used 50516K [0x0000000080000000, 0x0000000087a80000, 0x00000000d5580000)
  object space 125440K, 40% used [0x0000000080000000,0x0000000083155348,0x0000000087a80000)
 Metaspace       used 102190K, capacity 106904K, committed 107160K, reserved 1142784K
  class space    used 13430K, capacity 14354K, committed 14512K, reserved 1048576K
}
Event: 3449.804 GC heap before
{Heap before GC invocations=47 (full 4):
 PSYoungGen      total 103936K, used 103931K [0x00000000d5580000, 0x00000000dea00000, 0x0000000100000000)
  eden space 74752K, 100% used [0x00000000d5580000,0x00000000d9e80000,0x00000000d9e80000)
  from space 29184K, 99% used [0x00000000dc000000,0x00000000ddc7ef58,0x00000000ddc80000)
  to   space 34304K, 0% used [0x00000000d9e80000,0x00000000d9e80000,0x00000000dc000000)
 ParOldGen       total 125440K, used 50516K [0x0000000080000000, 0x0000000087a80000, 0x00000000d5580000)
  object space 125440K, 40% used [0x0000000080000000,0x0000000083155348,0x0000000087a80000)
 Metaspace       used 102372K, capacity 107042K, committed 107416K, reserved 1142784K
  class space    used 13432K, capacity 14355K, committed 14512K, reserved 1048576K
Event: 3450.235 GC heap after
Heap after GC invocations=47 (full 4):
 PSYoungGen      total 109056K, used 34285K [0x00000000d5580000, 0x00000000dfe80000, 0x0000000100000000)
  eden space 74752K, 0% used [0x00000000d5580000,0x00000000d5580000,0x00000000d9e80000)
  from space 34304K, 99% used [0x00000000d9e80000,0x00000000dbffb460,0x00000000dc000000)
  to   space 43008K, 0% used [0x00000000dd480000,0x00000000dd480000,0x00000000dfe80000)
 ParOldGen       total 125440K, used 60697K [0x0000000080000000, 0x0000000087a80000, 0x00000000d5580000)
  object space 125440K, 48% used [0x0000000080000000,0x0000000083b464b8,0x0000000087a80000)
 Metaspace       used 102372K, capacity 107042K, committed 107416K, reserved 1142784K
  class space    used 13432K, capacity 14355K, committed 14512K, reserved 1048576K
}

